<?xml version="1.0" encoding="UTF-8"?>
<testng-results skipped="0" failed="0" ignored="0" total="1" passed="1">
  <reporter-output>
  </reporter-output>
  <suite name="Default suite" duration-ms="4118" started-at="2019-12-27T06:28:53Z" finished-at="2019-12-27T06:28:57Z">
    <groups>
    </groups>
    <test name="Default test" duration-ms="4118" started-at="2019-12-27T06:28:53Z" finished-at="2019-12-27T06:28:57Z">
      <class name="com.automation.simplilearn.api.DemoGetTest">
        <test-method status="PASS" signature="getWeatherDetails()[pri:0, instance:com.automation.simplilearn.api.DemoGetTest@39aeed2f]" name="getWeatherDetails" duration-ms="4098" started-at="2019-12-27T11:58:53Z" finished-at="2019-12-27T11:58:57Z">
          <reporter-output>
          </reporter-output>
        </test-method> <!-- getWeatherDetails -->
      </class> <!-- com.automation.simplilearn.api.DemoGetTest -->
    </test> <!-- Default test -->
  </suite> <!-- Default suite -->
</testng-results>
